груд. 30, 2023 4:25:05 ПП droid.Warrior attack
INFO: Teo атакує Stewe та завдає 26 урону.
груд. 30, 2023 4:25:06 ПП droid.Warrior attack
INFO: Stewe атакує Teo та завдає 54 урону.
груд. 30, 2023 4:25:06 ПП droid.Warrior attack
INFO: Stewe атакує Teo та завдає 54 урону.
груд. 30, 2023 4:25:06 ПП droid.Warrior attack
INFO: Stewe атакує Teo та завдає 54 урону.
груд. 30, 2023 4:25:06 ПП arena.Arena writeBattleToFile
INFO: Stewe перемагає!
груд. 30, 2023 4:25:38 ПП arena.Arena writeBattleToFile
INFO: Команда 2 перемагає!
груд. 30, 2023 4:26:38 ПП droid.Healer heal
INFO: Ken відновлює 56 здоров'я Arron.
груд. 30, 2023 4:26:38 ПП droid.Healer heal
INFO: Arron відновлює 45 здоров'я Ken.
груд. 30, 2023 4:26:38 ПП droid.Healer heal
INFO: Arron відновлює 45 здоров'я Ken.
груд. 30, 2023 4:26:38 ПП droid.Healer heal
INFO: Ken відновлює 56 здоров'я Arron.
груд. 30, 2023 4:26:38 ПП droid.Warrior attack
INFO: Stewe атакує Arron та завдає 54 урону.
груд. 30, 2023 4:26:38 ПП droid.Healer heal
INFO: Arron відновлює 45 здоров'я Stewe.
груд. 30, 2023 4:26:38 ПП droid.Healer heal
INFO: Arron відновлює 45 здоров'я Stewe.
груд. 30, 2023 4:26:38 ПП droid.Warrior attack
INFO: Stewe атакує Arron та завдає 54 урону.
груд. 30, 2023 4:26:38 ПП droid.Healer heal
INFO: Arron відновлює 45 здоров'я Stewe.
груд. 30, 2023 4:26:38 ПП droid.Warrior attack
INFO: Stewe атакує Arron та завдає 54 урону.
груд. 30, 2023 4:26:38 ПП droid.Healer heal
INFO: Arron відновлює 45 здоров'я Stewe.
груд. 30, 2023 4:26:38 ПП droid.Warrior attack
INFO: Stewe атакує Arron та завдає 54 урону.
груд. 30, 2023 4:26:38 ПП arena.Arena writeBattleToFile
INFO: Команда 1 перемагає!
